[    0.000000] Linux version 4.15.0-212-generic (buildd@lcy02-amd64-083) (gcc version 7.5.0 (Ubuntu 7.5.0-3ubuntu1~18.04)) #223-Ubuntu SMP Tue May 23 13:09:22 UTC 2023 (Ubuntu 4.15.0-212.223-generic 4.15.18)
[    0.000000] Command line: BOOT_IMAGE=/boot/vmlinuz-4.15.0-212-generic root=LABEL=cloudimg-rootfs ro console=tty1 console=ttyS0
[    0.000000] KERNEL supported cpus:
[    0.000000]   Intel GenuineIntel
[    0.000000]   AMD AuthenticAMD
[    0.000000]   Centaur CentaurHauls
[    0.000000] x86/fpu: Supporting XSAVE feature 0x001: 'x87 floating point registers'
[    0.000000] x86/fpu: Supporting XSAVE feature 0x002: 'SSE registers'
[    0.000000] x86/fpu: Supporting XSAVE feature 0x004: 'AVX registers'
[    0.000000] x86/fpu: xstate_offset[2]:  576, xstate_sizes[2]:  256
[    0.000000] x86/fpu: Enabled xstate features 0x7, context size is 832 bytes, using 'standard' format.
[    0.000000] e820: BIOS-provided physical RAM map:
[    0.000000] BIOS-e820: [mem 0x0000000000000000-0x000000000009fbff] usable
[    0.000000] BIOS-e820: [mem 0x000000000009fc00-0x000000000009ffff] reserved
[    0.000000] BIOS-e820: [mem 0x00000000000f0000-0x00000000000fffff] reserved
[    0.000000] BIOS-e820: [mem 0x0000000000100000-0x000000003ffeffff] usable
[    0.000000] BIOS-e820: [mem 0x000000003fff0000-0x000000003fffffff] ACPI data
[    0.000000] BIOS-e820: [mem 0x00000000fec00000-0x00000000fec00fff] reserved
[    0.000000] BIOS-e820: [mem 0x00000000fee00000-0x00000000fee00fff] reserved
[    0.000000] BIOS-e820: [mem 0x00000000fffc0000-0x00000000ffffffff] reserved
[    0.000000] NX (Execute Disable) protection: active
[    0.000000] SMBIOS 2.5 present.
[    0.000000] DMI: innotek GmbH VirtualBox/VirtualBox, BIOS VirtualBox 12/01/2006
[    0.000000] Hypervisor detected: KVM
[    0.000000] e820: last_pfn = 0x3fff0 max_arch_pfn = 0x400000000
[    0.000000] x86/PAT: Configuration [0-7]: WB  WC  UC- UC  WB  WP  UC- WT  
[    0.000000] found SMP MP-table at [mem 0x0009fbf0-0x0009fbff]
[    0.000000] Scanning 1 areas for low memory corruption
[    0.000000] RAMDISK: [mem 0x359cb000-0x36cdcfff]
[    0.000000] ACPI: Early table checksum verification disabled
[    0.000000] ACPI: RSDP 0x00000000000E0000 000024 (v02 VBOX  )
[    0.000000] ACPI: XSDT 0x000000003FFF0030 00003C (v01 VBOX   VBOXXSDT 00000001 ASL  00000061)
[    0.000000] ACPI: FACP 0x000000003FFF00F0 0000F4 (v04 VBOX   VBOXFACP 00000001 ASL  00000061)
[    0.000000] ACPI: DSDT 0x000000003FFF0610 002353 (v02 VBOX   VBOXBIOS 00000002 INTL 20240322)
[    0.000000] ACPI: FACS 0x000000003FFF0200 000040
[    0.000000] ACPI: FACS 0x000000003FFF0200 000040
[    0.000000] ACPI: APIC 0x000000003FFF0240 000054 (v02 VBOX   VBOXAPIC 00000001 ASL  00000061)
[    0.000000] ACPI: SSDT 0x000000003FFF02A0 00036C (v01 VBOX   VBOXCPUT 00000002 INTL 20240322)
[    0.000000] ACPI: Reserving FACP table memory at [mem 0x3fff00f0-0x3fff01e3]
[    0.000000] ACPI: Reserving DSDT table memory at [mem 0x3fff0610-0x3fff2962]
[    0.000000] ACPI: Reserving FACS table memory at [mem 0x3fff0200-0x3fff023f]
[    0.000000] ACPI: Reserving FACS table memory at [mem 0x3fff0200-0x3fff023f]
[    0.000000] ACPI: Reserving APIC table memory at [mem 0x3fff0240-0x3fff0293]
[    0.000000] ACPI: Reserving SSDT table memory at [mem 0x3fff02a0-0x3fff060b]
[    0.000000] No NUMA configuration found
[    0.000000] Faking a node at [mem 0x0000000000000000-0x000000003ffeffff]
[    0.000000] NODE_DATA(0) allocated [mem 0x3ffc5000-0x3ffeffff]
[    0.000000] kvm-clock: cpu 0, msr 0:3ff44001, primary cpu clock
[    0.000000] kvm-clock: Using msrs 4b564d01 and 4b564d00
[    0.000000] kvm-clock: using sched offset of 3525298333 cycles
[    0.000000] clocksource: kvm-clock: mask: 0xffffffffffffffff max_cycles: 0x1cd42e4dffb, max_idle_ns: 881590591483 ns
[    0.000000] Zone ranges:
[    0.000000]   DMA      [mem 0x0000000000001000-0x0000000000ffffff]
[    0.000000]   DMA32    [mem 0x0000000001000000-0x000000003ffeffff]
[    0.000000]   Normal   empty
[    0.000000]   Device   empty
[    0.000000] Movable zone start for each node
[    0.000000] Early memory node ranges
[    0.000000]   node   0: [mem 0x0000000000001000-0x000000000009efff]
[    0.000000]   node   0: [mem 0x0000000000100000-0x000000003ffeffff]
[    0.000000] Reserved but unavailable: 104 pages
[    0.000000] Initmem setup node 0 [mem 0x0000000000001000-0x000000003ffeffff]
[    0.000000] ACPI: PM-Timer IO Port: 0x4008
[    0.000000] IOAPIC[0]: apic_id 1, version 32, address 0xfec00000, GSI 0-23
[    0.000000] ACPI: INT_SRC_OVR (bus 0 bus_irq 0 global_irq 2 dfl dfl)
[    0.000000] ACPI: INT_SRC_OVR (bus 0 bus_irq 9 global_irq 9 low level)
[    0.000000] Using ACPI (MADT) for SMP configuration information
[    0.000000] smpboot: Allowing 1 CPUs, 0 hotplug CPUs
[    0.000000] PM: Registered nosave memory: [mem 0x00000000-0x00000fff]
[    0.000000] PM: Registered nosave memory: [mem 0x0009f000-0x0009ffff]
[    0.000000] PM: Registered nosave memory: [mem 0x000a0000-0x000effff]
[    0.000000] PM: Registered nosave memory: [mem 0x000f0000-0x000fffff]
[    0.000000] e820: [mem 0x40000000-0xfebfffff] available for PCI devices
[    0.000000] Booting paravirtualized kernel on KVM
[    0.000000] clocksource: refined-jiffies: mask: 0xffffffff max_cycles: 0xffffffff, max_idle_ns: 7645519600211568 ns
[    0.000000] setup_percpu: NR_CPUS:8192 nr_cpumask_bits:1 nr_cpu_ids:1 nr_node_ids:1
[    0.000000] percpu: Embedded 50 pages/cpu s167936 r8192 d28672 u2097152
[    0.000000] PV qspinlock hash table entries: 256 (order: 0, 4096 bytes)
[    0.000000] Built 1 zonelists, mobility grouping on.  Total pages: 257913
[    0.000000] Policy zone: DMA32
[    0.000000] Kernel command line: BOOT_IMAGE=/boot/vmlinuz-4.15.0-212-generic root=LABEL=cloudimg-rootfs ro console=tty1 console=ttyS0
[    0.000000] Memory: 982844K/1048120K available (12300K kernel code, 2477K rwdata, 4324K rodata, 2480K init, 2720K bss, 65276K reserved, 0K cma-reserved)
[    0.000000] SLUB: HWalign=64, Order=0-3, MinObjects=0, CPUs=1, Nodes=1
[    0.000000] Kernel/User page tables isolation: enabled
[    0.000000] ftrace: allocating 39508 entries in 155 pages
[    0.004000] Hierarchical RCU implementation.
[    0.004000] 	RCU restricting CPUs from NR_CPUS=8192 to nr_cpu_ids=1.
[    0.004000] 	Tasks RCU enabled.
[    0.004000] RCU: Adjusting geometry for rcu_fanout_leaf=16, nr_cpu_ids=1
[    0.004000] NR_IRQS: 524544, nr_irqs: 256, preallocated irqs: 16
[    0.004000] random: crng init done
[    0.004000] Console: colour VGA+ 80x25
[    0.004000] console [tty1] enabled
[    0.004000] console [ttyS0] enabled
[    0.004000] ACPI: Core revision 20170831
[    0.004000] ACPI: 2 ACPI AML tables successfully acquired and loaded
[    0.004000] APIC: Switch to symmetric I/O mode setup
[    0.004000] x2apic enabled
[    0.004000] Switched APIC routing to physical x2apic.
[    0.008000] ..TIMER: vector=0x30 apic1=0 pin1=2 apic2=-1 pin2=-1
[    0.008005] tsc: Detected 2604.078 MHz processor
[    0.011289] Calibrating delay loop (skipped) preset value.. 5208.15 BogoMIPS (lpj=10416312)
[    0.012007] pid_max: default: 32768 minimum: 301
[    0.015517] Security Framework initialized
[    0.016000] Yama: becoming mindful.
[    0.016039] AppArmor: AppArmor initialized
[    0.020000] Dentry cache hash table entries: 131072 (order: 8, 1048576 bytes)
[    0.020903] Inode-cache hash table entries: 65536 (order: 7, 524288 bytes)
[    0.024000] Mount-cache hash table entries: 2048 (order: 2, 16384 bytes)
[    0.024036] Mountpoint-cache hash table entries: 2048 (order: 2, 16384 bytes)
[    0.028000] process: using mwait in idle threads
[    0.028032] Last level iTLB entries: 4KB 1024, 2MB 1024, 4MB 1024
[    0.031722] Last level dTLB entries: 4KB 1024, 2MB 1024, 4MB 1024, 1GB 4
[    0.032000] Spectre V1 : Mitigation: usercopy/swapgs barriers and __user pointer sanitization
[    0.032004] Spectre V2 : Mitigation: Retpolines
[    0.035697] Spectre V2 : Spectre v2 / SpectreRSB mitigation: Filling RSB on context switch
[    0.036004] Spectre V2 : Spectre v2 / SpectreRSB : Filling RSB on VMEXIT
[    0.040000] Speculative Store Bypass: Vulnerable
[    0.040000] MDS: Mitigation: Clear CPU buffers
[    0.040002] MMIO Stale Data: Unknown: No mitigations
[    0.043143] SRBDS: Unknown: Dependent on hypervisor status
[    0.051261] Freeing SMP alternatives memory: 36K
[    0.176004] APIC calibration not consistent with PM-Timer: 176ms instead of 100ms
[    0.180000] APIC delta adjusted to PM-Timer: 6380934 (11250641)
[    0.180000] smpboot: CPU0: Intel(R) Core(TM) i5-4278U CPU @ 2.60GHz (family: 0x6, model: 0x45, stepping: 0x1)
[    0.180000] Performance Events: unsupported p6 CPU model 69 no PMU driver, software events only.
[    0.180082] Hierarchical SRCU implementation.
[    0.184000] NMI watchdog: Perf event create on CPU 0 failed with -2
[    0.184000] NMI watchdog: Perf NMI watchdog permanently disabled
[    0.184147] smp: Bringing up secondary CPUs ...
[    0.186911] smp: Brought up 1 node, 1 CPU
[    0.188000] smpboot: Max logical packages: 1
[    0.188003] smpboot: Total of 1 processors activated (5208.15 BogoMIPS)
[    0.192000] devtmpfs: initialized
[    0.192000] x86/mm: Memory block size: 128MB
[    0.192257] evm: security.selinux
[    0.194356] evm: security.SMACK64
[    0.196000] evm: security.SMACK64EXEC
[    0.196000] evm: security.SMACK64TRANSMUTE
[    0.196006] evm: security.SMACK64MMAP
[    0.198297] evm: security.apparmor
[    0.200000] evm: security.ima
[    0.200000] evm: security.capability
[    0.200000] clocksource: jiffies: mask: 0xffffffff max_cycles: 0xffffffff, max_idle_ns: 7645041785100000 ns
[    0.200010] futex hash table entries: 256 (order: 2, 16384 bytes)
[    0.203740] pinctrl core: initialized pinctrl subsystem
[    0.204359] RTC time: 10:23:44, date: 11/11/24
[    0.207299] NET: Registered protocol family 16
[    0.208000] audit: initializing netlink subsys (disabled)
[    0.208324] cpuidle: using governor ladder
[    0.210855] cpuidle: using governor menu
[    0.212000] ACPI: bus type PCI registered
[    0.212000] acpiphp: ACPI Hot Plug PCI Controller Driver version: 0.5
[    0.212006] audit: type=2000 audit(1731320628.986:1): state=initialized audit_enabled=0 res=1
[    0.216000] PCI: Using configuration type 1 for base access
[    0.217426] HugeTLB registered 2.00 MiB page size, pre-allocated 0 pages
[    0.220000] ACPI: Added _OSI(Module Device)
[    0.220016] ACPI: Added _OSI(Processor Device)
[    0.223605] ACPI: Added _OSI(3.0 _SCP Extensions)
[    0.224000] ACPI: Added _OSI(Processor Aggregator Device)
[    0.224021] ACPI: Added _OSI(Linux-Dell-Video)
[    0.226743] ACPI: Added _OSI(Linux-Lenovo-NV-HDMI-Audio)
[    0.228009] ACPI: Added _OSI(Linux-HPI-Hybrid-Graphics)
[    0.232000] ACPI: Executed 1 blocks of module-level executable AML code
[    0.232000] ACPI: Interpreter enabled
[    0.232000] ACPI: (supports S0 S5)
[    0.232000] ACPI: Using IOAPIC for interrupt routing
[    0.232000] PCI: Using host bridge windows from ACPI; if necessary, use "pci=nocrs" and report a bug
[    0.232257] ACPI: Enabled 2 GPEs in block 00 to 07
[    0.240100] ACPI: PCI Root Bridge [PCI0] (domain 0000 [bus 00-ff])
[    0.243894] acpi PNP0A03:00: _OSC: OS supports [ASPM ClockPM Segments MSI]
[    0.244000] acpi PNP0A03:00: _OSC: not requesting OS control; OS requires [ExtendedConfig ASPM ClockPM MSI]
[    0.244023] acpi PNP0A03:00: fail to add MMCONFIG information, can't access extended PCI configuration space under this bridge.
[    0.248724] PCI host bridge to bus 0000:00
[    0.251570] pci_bus 0000:00: root bus resource [io  0x0000-0x0cf7 window]
[    0.252010] pci_bus 0000:00: root bus resource [io  0x0d00-0xffff window]
[    0.256000] pci_bus 0000:00: root bus resource [mem 0x000a0000-0x000bffff window]
[    0.256010] pci_bus 0000:00: root bus resource [mem 0x40000000-0xfdffffff window]
[    0.260000] pci_bus 0000:00: root bus resource [bus 00-ff]
[    0.264000] pci 0000:00:01.1: legacy IDE quirk: reg 0x10: [io  0x01f0-0x01f7]
[    0.264000] pci 0000:00:01.1: legacy IDE quirk: reg 0x14: [io  0x03f6]
[    0.264004] pci 0000:00:01.1: legacy IDE quirk: reg 0x18: [io  0x0170-0x0177]
[    0.268000] pci 0000:00:01.1: legacy IDE quirk: reg 0x1c: [io  0x0376]
[    0.296000] pci 0000:00:07.0: quirk: [io  0x4000-0x403f] claimed by PIIX4 ACPI
[    0.296036] pci 0000:00:07.0: quirk: [io  0x4100-0x410f] claimed by PIIX4 SMB
[    0.306571] ACPI: PCI Interrupt Link [LNKA] (IRQs 5 9 10 *11)
[    0.308000] ACPI: PCI Interrupt Link [LNKB] (IRQs 5 9 *10 11)
[    0.308209] ACPI: PCI Interrupt Link [LNKC] (IRQs 5 *9 10 11)
[    0.311853] ACPI: PCI Interrupt Link [LNKD] (IRQs 5 9 10 *11)
[    0.312000] SCSI subsystem initialized
[    0.312184] pci 0000:00:02.0: vgaarb: setting as boot VGA device
[    0.315763] pci 0000:00:02.0: vgaarb: VGA device added: decodes=io+mem,owns=io+mem,locks=none
[    0.316000] pci 0000:00:02.0: vgaarb: bridge control possible
[    0.316003] vgaarb: loaded
[    0.317804] ACPI: bus type USB registered
[    0.320000] usbcore: registered new interface driver usbfs
[    0.320031] usbcore: registered new interface driver hub
[    0.323576] usbcore: registered new device driver usb
[    0.324117] EDAC MC: Ver: 3.0.0
[    0.326888] PCI: Using ACPI for IRQ routing
[    0.328000] NetLabel: Initializing
[    0.328000] NetLabel:  domain hash size = 128
[    0.328003] NetLabel:  protocols = UNLABELED CIPSOv4 CALIPSO
[    0.331452] NetLabel:  unlabeled traffic allowed by default
[    0.332000] clocksource: Switched to clocksource kvm-clock
[    0.353739] VFS: Disk quotas dquot_6.6.0
[    0.353739] VFS: Dquot-cache hash table entries: 512 (order 0, 4096 bytes)
[    0.361387] AppArmor: AppArmor Filesystem Enabled
[    0.364357] pnp: PnP ACPI init
[    0.365162] pnp: PnP ACPI: found 3 devices
[    0.378891] clocksource: acpi_pm: mask: 0xffffff max_cycles: 0xffffff, max_idle_ns: 2085701024 ns
[    0.380732] NET: Registered protocol family 2
[    0.380732] IP idents hash table entries: 16384 (order: 5, 131072 bytes)
[    0.392898] TCP established hash table entries: 8192 (order: 4, 65536 bytes)
[    0.396425] TCP bind hash table entries: 8192 (order: 5, 131072 bytes)
[    0.401524] TCP: Hash tables configured (established 8192 bind 8192)
[    0.405296] UDP hash table entries: 512 (order: 2, 16384 bytes)
[    0.410701] UDP-Lite hash table entries: 512 (order: 2, 16384 bytes)
[    0.414639] NET: Registered protocol family 1
[    0.414639] pci 0000:00:00.0: Limiting direct PCI/PCI transfers
[    0.422229] pci 0000:00:01.0: Activating ISA DMA hang workarounds
[    0.426132] pci 0000:00:02.0: Video device with shadowed ROM at [mem 0x000c0000-0x000dffff]
[    0.433586] Unpacking initramfs...
[    0.840948] Freeing initrd memory: 19528K
[    0.843593] clocksource: tsc: mask: 0xffffffffffffffff max_cycles: 0x258948a8251, max_idle_ns: 440795299084 ns
[    0.851835] platform rtc_cmos: registered platform RTC device (no PNP device found)
[    0.855747] Scanning for low memory corruption every 60 seconds
[    0.860835] Initialise system trusted keyrings
[    0.863639] Key type blacklist registered
[    0.864205] workingset: timestamp_bits=36 max_order=18 bucket_order=0
[    0.871879] zbud: loaded
[    0.874114] squashfs: version 4.0 (2009/01/31) Phillip Lougher
[    0.874298] fuse init (API version 7.26)
[    0.880938] Key type asymmetric registered
[    0.883802] Asymmetric key parser 'x509' registered
[    0.884239] Block layer SCSI generic (bsg) driver version 0.4 loaded (major 246)
[    0.891538] io scheduler noop registered
[    0.894029] io scheduler deadline registered
[    0.895477] io scheduler cfq registered (default)
[    0.900419] ACPI: AC Adapter [AC] (off-line)
[    0.903162] input: Power Button as /devices/LNXSYSTM:00/LNXPWRBN:00/input/input0
[    0.907802] ACPI: Power Button [PWRF]
[    0.910236] input: Sleep Button as /devices/LNXSYSTM:00/LNXSLPBN:00/input/input1
[    0.911724] ACPI: Sleep Button [SLPF]
[    0.918162] Serial: 8250/16550 driver, 32 ports, IRQ sharing enabled
[    0.953711] ACPI: Battery Slot [BAT0] (battery present)
[    0.955804] 00:02: ttyS0 at I/O 0x3f8 (irq = 4, base_baud = 115200) is a 16550A
[    0.964443] Linux agpgart interface v0.103
[    0.969331] loop: module loaded
[    0.972051] scsi host0: ata_piix
[    0.972051] scsi host1: ata_piix
[    0.972051] ata1: PATA max UDMA/33 cmd 0x1f0 ctl 0x3f6 bmdma 0xd000 irq 14
[    0.980959] ata2: PATA max UDMA/33 cmd 0x170 ctl 0x376 bmdma 0xd008 irq 15
[    0.984933] tun: Universal TUN/TAP device driver, 1.6
[    0.989921] PPP generic driver version 2.4.2
[    0.992580] ehci_hcd: USB 2.0 'Enhanced' Host Controller (EHCI) Driver
[    0.993854] ehci-pci: EHCI PCI platform driver
[    0.999295] ehci-platform: EHCI generic platform driver
[    1.002461] ohci_hcd: USB 1.1 'Open' Host Controller (OHCI) Driver
[    1.003257] ohci-pci: OHCI PCI platform driver
[    1.009196] ohci-platform: OHCI generic platform driver
[    1.012471] uhci_hcd: USB Universal Host Controller Interface driver
[    1.013152] i8042: PNP: PS/2 Controller [PNP0303:PS2K,PNP0f03:PS2M] at 0x60,0x64 irq 1,12
[    1.023641] serio: i8042 KBD port at 0x60,0x64 irq 1
[    1.025456] serio: i8042 AUX port at 0x60,0x64 irq 12
[    1.030009] mousedev: PS/2 mouse device common for all mice
[    1.034396] input: AT Translated Set 2 keyboard as /devices/platform/i8042/serio0/input/input2
[    1.040888] rtc_cmos rtc_cmos: rtc core: registered rtc_cmos as rtc0
[    1.045609] rtc_cmos rtc_cmos: alarms up to one day, 114 bytes nvram
[    1.049546] i2c /dev entries driver
[    1.051834] device-mapper: uevent: version 1.0.3
[    1.053518] device-mapper: ioctl: 4.37.0-ioctl (2017-09-20) initialised: dm-devel@redhat.com
[    1.059967] ledtrig-cpu: registered to indicate activity on CPUs
[    1.063933] NET: Registered protocol family 10
[    1.072031] Segment Routing with IPv6
[    1.072031] NET: Registered protocol family 17
[    1.072031] Key type dns_resolver registered
[    1.080368] mce: Using 0 MCE banks
[    1.082864] RAS: Correctable Errors collector initialized.
[    1.084213] sched_clock: Marking stable (1080213961, 0)->(1866137561, -785923600)
[    1.094192] registered taskstats version 1
[    1.096823] Loading compiled-in X.509 certificates
[    1.102715] Loaded X.509 cert 'Build time autogenerated kernel key: b5b26778eaa3ab3a4a6cee031137706e947d12ad'
[    1.110226] Loaded X.509 cert 'Canonical Ltd. Live Patch Signing: 14df34d1a87cf37625abec039ef2bf521249b969'
[    1.116757] Loaded X.509 cert 'Canonical Ltd. Kernel Module Signing: 88f752e560a1e0737e31163a466ad7b70a850c19'
[    1.123252] blacklist: Loading compiled-in revocation X.509 certificates
[    1.127358] Loaded X.509 cert 'Canonical Ltd. Secure Boot Signing: 61482aa2830d0ab2ad5af10b7250da9033ddcef0'
[    1.133575] Loaded X.509 cert 'Canonical Ltd. Secure Boot Signing (2017): 242ade75ac4a15e50d50c84b0d45ff3eae707a03'
[    1.140025] Loaded X.509 cert 'Canonical Ltd. Secure Boot Signing (ESM 2018): 365188c1d374d6b07c3c8f240f8ef722433d6a8b'
[    1.146543] Loaded X.509 cert 'Canonical Ltd. Secure Boot Signing (2019): c0746fd6c5da3ae827864651ad66ae47fe24b3e8'
[    1.202796] Loaded X.509 cert 'Canonical Ltd. Secure Boot Signing (2021 v1): a8d54bbb3825cfb94fa13c9f8a594a195c107b8d'
[    1.209636] Loaded X.509 cert 'Canonical Ltd. Secure Boot Signing (2021 v2): 4cf046892d6fd3c9a5b03f98d845f90851dc6a8c'
[    1.215904] Loaded X.509 cert 'Canonical Ltd. Secure Boot Signing (2021 v3): 100437bb6de6e469b581e61cd66bce3ef4ed53af'
[    1.222256] Loaded X.509 cert 'Canonical Ltd. Secure Boot Signing (Ubuntu Core 2019): c1d57b8f6b743f23ee41f4f7ee292f06eecadfb9'
[    1.229039] zswap: loaded using pool lzo/zbud
[    1.235807] Key type big_key registered
[    1.238272] Key type trusted registered
[    1.242633] Key type encrypted registered
[    1.245207] AppArmor: AppArmor sha1 policy hashing enabled
[    1.248679] ima: No TPM chip found, activating TPM-bypass! (rc=-19)
[    1.252504] ima: Allocated hash algorithm: sha1
[    1.255374] evm: HMAC attrs: 0x1
[    1.258245]   Magic number: 0:739:375
[    1.260977] rtc_cmos rtc_cmos: setting system clock to 2024-11-11 10:23:45 UTC (1731320625)
[    1.266126] BIOS EDD facility v0.16 2004-Jun-25, 0 devices found
[    1.269889] EDD information not available.
[    1.275093] Freeing unused kernel image memory: 2480K
[    1.284059] Write protecting the kernel read-only data: 20480k
[    1.288047] Freeing unused kernel image memory: 2008K
[    1.291399] Freeing unused kernel image memory: 1820K
[    1.301021] x86/mm: Checked W+X mappings: passed, no W+X pages found.
[    1.305552] x86/mm: Checking user space page tables
[    1.316101] x86/mm: Checked W+X mappings: passed, no W+X pages found.
Loading, please wait...
starting version 237
[    1.450386] e1000: Intel(R) PRO/1000 Network Driver - version 7.3.21-k8-NAPI
[    1.455940] e1000: Copyright (c) 1999-2006 Intel Corporation.
[    1.473390] Fusion MPT base driver 3.04.20
[    1.476298] Copyright (c) 1999-2008 LSI Corporation
[    1.525724] AVX2 version of gcm_enc/dec engaged.
[    1.528953] AES CTR mode by8 optimization enabled
[    1.549437] Fusion MPT SPI Host driver 3.04.20
[    1.724424] input: ImExPS/2 Generic Explorer Mouse as /devices/platform/i8042/serio1/input/input4
[    2.139810] e1000 0000:00:03.0 eth0: (PCI:33MHz:32-bit) 02:3b:7b:b7:3b:2d
[    2.144550] e1000 0000:00:03.0 eth0: Intel(R) PRO/1000 Network Connection
[    2.150102] mptbase: ioc0: Initiating bringup
[    2.258912] ioc0: LSI53C1030 A0: Capabilities={Initiator}
[    2.510353] scsi host2: ioc0: LSI53C1030 A0, FwRev=00000000h, Ports=1, MaxQ=256, IRQ=20
[    2.685330] scsi 2:0:0:0: Direct-Access     VBOX     HARDDISK         1.0  PQ: 0 ANSI: 5
[    2.691464] scsi target2:0:0: Beginning Domain Validation
[    2.700341] scsi target2:0:0: Domain Validation skipping write tests
[    2.704437] scsi target2:0:0: Ending Domain Validation
[    2.708479] scsi target2:0:0: asynchronous
[    2.712407] scsi 2:0:1:0: Direct-Access     VBOX     HARDDISK         1.0  PQ: 0 ANSI: 5
[    2.717884] scsi target2:0:1: Beginning Domain Validation
[    2.725346] scsi target2:0:1: Domain Validation skipping write tests
[    2.730075] scsi target2:0:1: Ending Domain Validation
[    2.734074] scsi target2:0:1: asynchronous
[    2.881857] sd 2:0:0:0: [sda] 83886080 512-byte logical blocks: (42.9 GB/40.0 GiB)
[    2.886930] sd 2:0:0:0: Attached scsi generic sg0 type 0
[    2.901857] sd 2:0:0:0: [sda] Write Protect is off
[    2.905216] sd 2:0:0:0: [sda] Incomplete mode parameter data
[    2.908769] sd 2:0:0:0: [sda] Assuming drive cache: write through
[    2.913143] sd 2:0:1:0: [sdb] 20480 512-byte logical blocks: (10.5 MB/10.0 MiB)
[    2.917751] sd 2:0:1:0: Attached scsi generic sg1 type 0
[    2.921191] sd 2:0:1:0: [sdb] Write Protect is off
[    2.924396] sd 2:0:1:0: [sdb] Incomplete mode parameter data
[    2.927966] sd 2:0:1:0: [sdb] Assuming drive cache: write through
[    2.939660]  sda: sda1
[    2.943034] sd 2:0:0:0: [sda] Attached SCSI disk
[    2.947658] sd 2:0:1:0: [sdb] Attached SCSI disk
[    3.276307] e1000 0000:00:08.0 eth1: (PCI:33MHz:32-bit) 08:00:27:0d:bc:d2
[    3.280443] e1000 0000:00:08.0 eth1: Intel(R) PRO/1000 Network Connection
[    3.286229] e1000 0000:00:08.0 enp0s8: renamed from eth1
[    3.296957] e1000 0000:00:03.0 enp0s3: renamed from eth0
Begin: Loading essential drivers ... [    5.211214] raid6: sse2x1   gen()  9710 MB/s
[    5.272599] raid6: sse2x1   xor()  8198 MB/s
[    5.332012] raid6: sse2x2   gen() 13692 MB/s
[    5.392041] raid6: sse2x2   xor()  9119 MB/s
[    5.451684] raid6: sse2x4   gen() 16736 MB/s
[    5.511668] raid6: sse2x4   xor()  9877 MB/s
[    5.570870] raid6: avx2x1   gen() 22757 MB/s
[    5.630813] raid6: avx2x1   xor() 15148 MB/s
[    5.691429] raid6: avx2x2   gen() 26629 MB/s
[    5.751245] raid6: avx2x2   xor() 15939 MB/s
[    5.817890] raid6: avx2x4   gen() 32206 MB/s
[    5.881648] raid6: avx2x4   xor() 18242 MB/s
[    5.884427] raid6: using algorithm avx2x4 gen() 32206 MB/s
[    5.887726] raid6: .... xor() 18242 MB/s, rmw enabled
[    5.890832] raid6: using avx2x2 recovery algorithm
[    5.895655] xor: automatically using best checksumming function   avx       
[    5.901526] async_tx: api initialized (async)
done.
Begin: Running /scripts/init-premount ... done.
Begin: Mounting root file system ... Begin: Running /scripts/local-top ... done.
Begin: Running /scripts/local-premount ... [    5.972889] Btrfs loaded, crc32c=crc32c-intel
Scanning for Btrfs filesystems
done.
Warning: fsck not present, so skipping root file system
[    6.018329] EXT4-fs (sda1): mounted filesystem with ordered data mode. Opts: (null)
done.
Begin: Running /scripts/local-bottom ... done.
Begin: Running /scripts/init-bottom ... done.
[    6.217547] ip_tables: (C) 2000-2006 Netfilter Core Team
[    6.237195] systemd[1]: systemd 237 running in system mode. (+PAM +AUDIT +SELINUX +IMA +APPARMOR +SMACK +SYSVINIT +UTMP +LIBCRYPTSETUP +GCRYPT +GNUTLS +ACL +XZ +LZ4 +SECCOMP +BLKID +ELFUTILS +KMOD -IDN2 +IDN -PCRE2 default-hierarchy=hybrid)
[    6.252984] systemd[1]: Detected virtualization oracle.
[    6.256936] systemd[1]: Detected architecture x86-64.

Welcome to [1mUbuntu 18.04.6 LTS[0m!

[    6.266030] systemd[1]: Set hostname to <ubuntu>.
[    6.274187] systemd[1]: Initializing machine ID from random generator.
[    6.278645] systemd[1]: Installed transient /etc/machine-id file.
[    6.557907] systemd[1]: Reached target User and Group Name Lookups.
[[0;32m  OK  [0m] Reached target User and Group Name Lookups.
[    6.565717] systemd[1]: Created slice System Slice.
[[0;32m  OK  [0m] Created slice System Slice.
[    6.571596] systemd[1]: Listening on /dev/initctl Compatibility Named Pipe.
[[0;32m  OK  [0m] Listening on /dev/initctl Compatibility Named Pipe.
[    6.579179] systemd[1]: Listening on Journal Socket (/dev/log).
[[0;32m  OK  [0m] Listening on Journal Socket (/dev/log).
[[0;32m  OK  [0m] Listening on Syslog Socket.
[[0;32m  OK  [0m] Listening on LVM2 poll daemon socket.
[[0;32m  OK  [0m] Listening on fsck to fsckd communication Socket.
[[0;32m  OK  [0m] Listening on Network Service Netlink Socket.
[[0;32m  OK  [0m] Listening on Journal Socket.
         Mounting Kernel Debug File System...
[[0;32m  OK  [0m] Listening on udev Control Socket.
         Mounting POSIX Message Queue File System...
[[0;32m  OK  [0m] Listening on Device-mapper event daemon FIFOs.
[[0;32m  OK  [0m] Listening on udev Kernel Socket.
         Starting Create list of required st…ce nodes for the current kernel...
         Starting Load Kernel Modules...
[[0;32m  OK  [0m] Listening on Journal Audit Socket.
         Starting Journal Service...
         Mounting Huge Pages File System...
[[0;32m  OK  [0m] Reached target Mounting snaps.
[[0;32m  OK  [0m] Set up automount Arbitrary Executab…rmats File System Automount Point.
[[0;32m  OK  [0m] [    6.662101] Loading iSCSI transport class v2.0-870.
Started Forward Password Requests to Wall Directory Watch.
[[0;32m  OK  [0m] Reached target Swap.
[[0;32m  OK  [0m] Reached target Mounted snaps.
[[0;32m  OK  [0m] Created slice system-serial\x2dgetty.slice.
[[0;32m  OK  [0m] Reached target System Time Synchronized.
         Starting Uncomplicated firewall...
[    6.707202] iscsi: registered transport (tcp)
         Starting File System Check on Root Device...
[[0;32m  OK  [0m] Listening on LVM2 metadata daemon socket.
         Starting Monitoring of LVM2 mirrors…ng dmeventd or progress polling...
         Starting udev Coldplug all Devices...
         Starting Set the console keyboard layout...
[[0;32m  OK  [0m] Created slice User and Session Slice.
[[0;32m  OK  [0m] Reached target Slices.
[[0;32m  OK  [0m] Started Journal Service.
[[0;32m  OK  [0m] Mounted Kernel Debug File System.
[[0;32m  OK  [0m] Mounted POSIX Message Queue File System.
[[0;32m  OK  [0m] Started Create list of required sta…vice nodes for the current kernel.
[[0;32m  OK  [0m] Mounted Huge Pages File System.
[[0;32m  OK  [0m] Started Uncomplicated firewall.
[[0;32m  OK  [0m] Started LVM2 metadata daemon.
[[0;32m  OK  [0m] Started File System Check Daemon to report status.
         Starting Create Static Device Nodes in /dev...
[[0;32m  OK  [0m] Started File System Check on Root Device.
         Starting Remount Root and Kernel File Systems...
[[0;32m  OK  [0m] Started udev Coldplug all Devices.
[[0;32m  OK  [0m] Started Create Static Device Nodes in /dev.
[[0;32m  OK  [0m] Started Monitoring of LVM2 mirrors,…sing dmeventd or progress polling.
[    6.933829] iscsi: registered transport (iser)
[[0;32m  OK  [0m] Started Load Kernel Modules.
         Mounting Kernel Configuration File System...
         Mounting FUSE Control File System...
         Starting Apply Kernel Variables...
[[0;32m  OK  [0m] Mounted Kernel Configuration File System.
[    6.970130] EXT4-fs (sda1): re-mounted. Opts: (null)
[[0;32m  OK  [0m] Mounted FUSE Control File System.
[[0;32m  OK  [0m] Started Remount Root and Kernel File Systems.
         Starting Flush Journal to Persistent Storage...
         Starting Load/Save Random Seed...
         Starting udev Kernel Device Manager...
[[0;32m  OK  [0m] Started Apply Kernel Variables.
[[0;32m  OK  [0m] Started Load/Save Random Seed.
[[0;32m  OK  [0m] Started udev Kernel Device Manager.
[[0;32m  OK  [0m] Started Flush Journal to Persistent Storage.
[[0;32m  OK  [0m] Found device /dev/ttyS0.
[[0;32m  OK  [0m] Listening on Load/Save RF Kill Switch Status /dev/rfkill Watch.
         Mounting Arbitrary Executable File Formats File System...
[[0;32m  OK  [0m] Mounted Arbitrary Executable File Formats File System.
[[0;32m  OK  [0m] Started Set the console keyboard layout.
[[0;32m  OK  [0m] Started Dispatch Password Requests to Console Directory Watch.
[[0;32m  OK  [0m] Reached target Local Encrypted Volumes.
[[0;32m  OK  [0m] Reached target Local File Systems (Pre).
[[0;32m  OK  [0m] Reached target Local File Systems.
         Starting ebtables ruleset management...
         Starting AppArmor initialization...
         Starting Commit a transient machine-id on disk...
         Starting Set console font and keymap...
         Starting Create Volatile Files and Directories...
         Starting Tell Plymouth To Write Out Runtime Data...
[[0;32m  OK  [0m] Started Commit a transient machine-id on disk.
[[0;32m  OK  [0m] Started Tell Plymouth To Write Out Runtime Data.
[[0;32m  OK  [0m] Started Create Volatile Files and Directories.
         Starting Update UTMP about System Boot/Shutdown...
[[0;32m  OK  [0m] Started Update UTMP about System Boot/Shutdown.
[[0;32m  OK  [0m] Started ebtables ruleset management.
[[0;32m  OK  [0m] Started AppArmor initialization.
         Starting Load AppArmor profiles managed internally by snapd...
         Starting Initial cloud-init job (pre-networking)...
[[0;32m  OK  [0m] Started Load AppArmor profiles managed internally by snapd.
[[0;32m  OK  [0m] Started Set console font and keymap.
[   13.680553] cloud-init[798]: Cloud-init v. 23.1.2-0ubuntu0~18.04.1 running 'init-local' at Mon, 11 Nov 2024 10:23:57 +0000. Up 13.31 seconds.
[[0;32m  OK  [0m] Started Initial cloud-init job (pre-networking).
[[0;32m  OK  [0m] Reached target Network (Pre).
         Starting Network Service...
[[0;32m  OK  [0m] Started Network Service.
         Starting Wait for Network to be Configured...
         Starting Network Name Resolution...
[[0;32m  OK  [0m] Started Network Name Resolution.
[[0;32m  OK  [0m] Reached target Host and Network Name Lookups.
[[0;32m  OK  [0m] Reached target Network.
[[0;32m  OK  [0m] Started Wait for Network to be Configured.
         Starting Initial cloud-init job (metadata service crawler)...
[   15.760968] cloud-init[914]: Cloud-init v. 23.1.2-0ubuntu0~18.04.1 running 'init' at Mon, 11 Nov 2024 10:23:59 +0000. Up 15.59 seconds.
[   15.766072] cloud-init[914]: ci-info: ++++++++++++++++++++++++++++++++++++++Net device info+++++++++++++++++++++++++++++++++++++++
[   15.774995] cloud-init[914]: ci-info: +--------+-------+----------------------------+---------------+--------+-------------------+
[   15.785088] cloud-init[914]: ci-info: | Device |   Up  |          Address           |      Mask     | Scope  |     Hw-Address    |
[   15.795305] cloud-init[914]: ci-info: +--------+-------+----------------------------+---------------+--------+-------------------+
[   15.804514] cloud-init[914]: ci-info: | enp0s3 |  True |         10.0.2.15          | 255.255.255.0 | global | 02:3b:7b:b7:3b:2d |
[   15.816270] cloud-init[914]: ci-info: | enp0s3 |  True | fd00::3b:7bff:feb7:3b2d/64 |       .       | global | 02:3b:7b:b7:3b:2d |
[   15.828505] cloud-init[914]: ci-info: | enp0s3 |  True | fe80::3b:7bff:feb7:3b2d/64 |       .       |  link  | 02:3b:7b:b7:3b:2d |
[   15.839648] cloud-init[914]: ci-info: | enp0s8 | False |             .              |       .       |   .    | 08:00:27:0d:bc:d2 |
[   15.850762] cloud-init[914]: ci-info: |   lo   |  True |         127.0.0.1          |   255.0.0.0   |  host  |         .         |
[   15.860053] cloud-init[914]: ci-info: |   lo   |  True |          ::1/128           |       .       |  host  |         .         |
[   15.877697] cloud-init[914]: ci-info: +--------+-------+----------------------------+---------------+--------+-------------------+
[   15.882102] cloud-init[914]: ci-info: ++++++++++++++++++++++++++++Route IPv4 info+++++++++++++++++++++++++++++
[   15.890272] cloud-init[914]: ci-info: +-------+-------------+----------+-----------------+-----------+-------+
[   15.899231] cloud-init[914]: ci-info: | Route | Destination | Gateway  |     Genmask     | Interface | Flags |
[   15.907154] cloud-init[914]: ci-info: +-------+-------------+----------+-----------------+-----------+-------+
[   15.921194] cloud-init[914]: ci-info: |   0   |   0.0.0.0   | 10.0.2.2 |     0.0.0.0     |   enp0s3  |   UG  |
[   15.930371] cloud-init[914]: ci-info: |   1   |   10.0.2.0  | 0.0.0.0  |  255.255.255.0  |   enp0s3  |   U   |
[   15.939024] cloud-init[914]: ci-info: |   2   |   10.0.2.2  | 0.0.0.0  | 255.255.255.255 |   enp0s3  |   UH  |
[   15.945196] cloud-init[914]: ci-info: +-------+-------------+----------+-----------------+-----------+-------+
[   15.960268] cloud-init[914]: ci-info: +++++++++++++++++++Route IPv6 info+++++++++++++++++++
[   15.966638] cloud-init[914]: ci-info: +-------+-------------+---------+-----------+-------+
[   15.974579] cloud-init[914]: ci-info: | Route | Destination | Gateway | Interface | Flags |
[   15.982149] cloud-init[914]: ci-info: +-------+-------------+---------+-----------+-------+
[   15.990444] cloud-init[914]: ci-info: |   1   |  fd00::/64  |    ::   |   enp0s3  |   U   |
[   16.001389] cloud-init[914]: ci-info: |   2   |  fe80::/64  |    ::   |   enp0s3  |   U   |
[   16.009854] cloud-init[914]: ci-info: |   3   |     ::/0    | fe80::2 |   enp0s3  |   UG  |
[   16.017061] cloud-init[914]: ci-info: |   5   |    local    |    ::   |   enp0s3  |   U   |
[   16.025360] cloud-init[914]: ci-info: |   6   |   ff00::/8  |    ::   |   enp0s3  |   U   |
[   16.029223] cloud-init[914]: ci-info: +-------+-------------+---------+-----------+-------+
[   16.715250] cloud-init[914]: Generating public/private rsa key pair.
[   16.725107] cloud-init[914]: Your identification has been saved in /etc/ssh/ssh_host_rsa_key.
[   16.728968] cloud-init[914]: Your public key has been saved in /etc/ssh/ssh_host_rsa_key.pub.
[   16.735128] cloud-init[914]: The key fingerprint is:
[   16.745150] cloud-init[914]: SHA256:pJfT8Rj0XO4GYnQ097Far7hsOczGo7UgD6ZQ3K7bWeg root@ubuntu-bionic
[   16.749291] cloud-init[914]: The key's randomart image is:
[   16.765187] cloud-init[914]: +---[RSA 2048]----+
[   16.768111] cloud-init[914]: |          o.+ o. |
[   16.770833] cloud-init[914]: |         o + = .o|
[   16.773491] cloud-init[914]: |        . = + .o.|
[   16.783279] cloud-init[914]: |     . + + * oo .|
[   16.786497] cloud-init[914]: |      + S o ..o .|
[   16.794363] cloud-init[914]: |     . o o   o . |
[   16.797358] cloud-init[914]: |    .   * o+o..  |
[   16.814736] cloud-init[914]: |     . * * +Xo   |
[   16.824869] cloud-init[914]: |      +.E o++o   |
[   16.827882] cloud-init[914]: +----[SHA256]-----+
[   16.831481] cloud-init[914]: Generating public/private dsa key pair.
[   16.845162] cloud-init[914]: Your identification has been saved in /etc/ssh/ssh_host_dsa_key.
[   16.848861] cloud-init[914]: Your public key has been saved in /etc/ssh/ssh_host_dsa_key.pub.
[   16.854102] cloud-init[914]: The key fingerprint is:
[[0;32m  OK  [0m] Started Initial cloud-init job (metadata service crawler).
[   16.861221] cloud-init[914]: [[0;32m  OK  [0m] Reached target Cloud-config availability.
[[0;32m  OK  [0m] Reached target Network is Online.
SHA256:sr7xt6SnxrIiR7BZ9HBqxcCKfZ89B2v8vGe8ioCQ3PM root@ubuntu-bionic
[   16.871262] cloud-init[914]: The key's randomart image is:
[   16.874946] cloud-init[914]: +---[DSA 1024]----+
         Starting Availability of block devices...
[[0;32m  OK  [0m] Reached target Remote File Systems (Pre).
[   16.882495] cloud-init[914]: |   ..o           |
[   16.885523] cloud-init[914]: |    + +          |
[[0;32m  OK  [0m] Reached target Remote File Systems.
[[0;32m  OK  [0m] Reached target System Initialization.
[[0;32m  OK  [0m] Started Daily apt download activities.
[   16.901806] cloud-init[914]: | o o *           |
[[0;32m  OK  [0m] Started Discard unused blocks once a week.
[   16.913375] [[0;32m  OK  [0m] Started ACPI Events Check.
[[0;32m  OK  [0m] Reached target Paths.
cloud-init[914]: |..+o= . .        |
         Starting Socket activation for snappy daemon.
[   16.928448] cloud-init[914]: |  +Bo..+So       |
[[0;32m  OK  [0m] Started Daily Cleanup of Temporary Directories.
[[0;32m  OK  [0m] Listening on D-Bus System Message Bus Socket.
[   16.941053] cloud-init[914]: |  o..+oo* .      |
[[0;32m  OK  [0m] Started Ubuntu Advantage Timer for running repeated jobs.
[[0;32m  OK  [0m] Listening on ACPID Listen Socket.
[[0;32m  OK  [0m] Listening on cloud-init hotplug hook socket.
[[0;32m  OK  [0m[   16.956890] cloud-init[914]: |   .. Eo =..     |
[   16.959879] cloud-init[914]: |  . o..+o+= +    |
] Listening on UUID daemon activation socket.
[[0;32m  OK  [0m] Started Message of the Day.
[[0;32m  OK  [0m] Started Daily apt upgrade and clean activities.
[[0;32m  OK  [0m] Reached target Timers.[   16.976343] cloud-init[914]: |   o .+==++*..   |
[   16.979347] cloud-init[914]: +----[SHA256]-----+
[   16.981968] 
[[0;32m  OK  [0m] Listening on Open-iSCSI iscsid Socket.
cloud-init[914]: Generating public/private ecdsa key pair.
[   16.988772] cloud-init[914]: Your identification has been saved in /etc/ssh/ssh_host_ecdsa_key.
         Starting LXD - unix socket.
[[0;32m  OK  [0m] Started Availability of block devices.
[[0;32m  OK  [0m] Listening on Socket activation for snappy daemon.
[   17.007070] cloud-init[914]: Your public key has been saved in /etc/ssh/ssh_host_ecdsa_key.pub.
[[0;32m  OK  [0m] Listening on LXD - unix socket.
[[0;32m  OK  [0m] Reached target Sockets.
[   17.021501] cloud-init[914]: The key fingerprint is:[[0;32m  OK  [0m] Reached target Basic System.

         Starting Login Service...
[   17.032901] cloud-init[914]: SHA256:772llLxAmfezPDSidMUbNC62UMq3rAn1KGdysgjS5pA root@ubuntu-bionic
[[0;32m  OK  [0m] Started irqbalance daemon.
         Starting LSB: Record successful boot for GRUB...
         Starting Virtualbox guest utils...
         Starting System Logging Service...
[   17.064870] cloud-init[914]: The key's randomart image is:
         Starting LXD - container startup/shutdown...
[   17.094539] cloud-init[914]: +---[ECDSA 256]---+
[   17.116645] cloud-init[914]: |                 |
[   17.122263] cloud-init[914]:          Starting LSB: automatic crash report generation...
|            . o  |
[   17.140284] cloud-init[914]: |         . o + . |
[   17.156631] cloud-init[914]: |          =o+ =  |
[   17.162512] cloud-init[914]: |   o    S.+B.= o |
[   17.168543] cloud-init[914]: |  E +   =o*oBo+  |
[[0;32m  OK  [0m] Started Regular background program processing daemon.
[[0;32m  OK  [0m] Started D-Bus System Message Bus.
[   17.185832] cloud-init[914]: |   = . . @o=+o+. |
[   17.200138] cloud-init[914]: |    . . ..++ =.o |
[   17.215866] cloud-init[914]: |          . =.o. |
[   17.227201] cloud-init[914]: +----[SHA256]-----+
[   17.235867] cloud-init[914]: Generating public/private ed25519 key pair.
[   17.245534] cloud-init[914]: Your identification has been saved in /etc/ssh/ssh_host_ed25519_key.
[   17.253833] cloud-init[914]: Your public key has been saved in /etc/ssh/ssh_host_ed25519_key.pub.
[   17.270153] cloud-init[914]: The key fingerprint is:
[[0;32m  OK  [0m] Started Login Service.
[[0;32m  OK  [0m] Started Unattended Upgrades Shutdown.
[   17.289959]          Starting Accounts Service...cloud-init
[[0;32m  OK  [0m] Reached target Login Prompts (Pre).
[914]: SHA256:RYYAQvpkFhbNY14N+VrwRM1OnCxS+6m4JcZiPIj8SxU root@ubuntu-bionic[[0;32m  OK  [0m] Started Deferred execution scheduler.

[[0;32m  OK  [0m] Started FUSE filesystem for LXC.
         Starting Permit User Sessions...
[   17.327396] cloud-init[914]: The key's randomart image is:
[   17.349620] cloud-init[914]: +--[ED25519 256]--+
[   17.364743] cloud-init[914]: | .*+..oBo*o.     |
[   17.376855] cloud-init[914]: | o o= = =+B      |
[   17.382970] cloud-init[914]: |. +o E *.+.      |
         Starting Dispatcher daemon for systemd-networkd...
         Starting Pollinate to seed the pseudo random number generator...
[   17.427292] cloud-init[914]: | =  . . +o..     |
         Starting Snap Daemon...
[[0;32m  OK  [0m] Started System Logging Service.
[[0;32m  OK  [0m] Started LXD - container startup/shutdown.
[[0;32m  OK  [0m] Started Permit User Sessions.
[   17.475708] cloud-init[914]: |  .  . oS o      |
         Starting Authorization Manager...
         Starting Hostname Service...
         Starting Hold until boot process finishes up...
         Starting Terminate Plymouth Boot Screen...
[[0;32m  OK  [0m] Started Hold until boot process finishes up.
[[0;32m  OK  [0m] Started Serial Getty on ttyS0.
         Starting Set console scheme...
[[0;32m  OK  [0m] Started Terminate Plymouth Boot Screen.
[   17.579729] [[0;32m  OK  [0m] Started Set console scheme.
[[0;32m  OK  [0m] Created slice system-getty.slice.
cloud-init[[0;32m  OK  [0m] Started Getty on tty1.
[[0;32m  OK  [0m] Reached target Login Prompts.
[914]: |.. o.... .       |
[[0;32m  OK  [0m] Started LSB: automatic crash report generation.
[   17.626201] cloud-init[914]: |....= = o        |[[0;32m  OK  [0m] Started Authorization Manager.

[[0;32m  OK  [0m] Started Accounts Service.
[   17.656168] cloud-init[[0;32m  OK  [0m] Started LSB: Record successful boot for GRUB.
[914]: |  o. + +         |
[   17.704595] cloud-init[914]: |   o. .          |
[   17.715404] cloud-init[914]: +----[SHA256]-----+
[[0;32m  OK  [0m] Started Hostname Service.
[[0;32m  OK  [0m] Started Virtualbox guest utils.
[[0;32m  OK  [0m] Started Dispatcher daemon for systemd-networkd.
[[0;32m  OK  [0m] Started Snap Daemon.
         Starting Wait until snapd is fully seeded...
[[0;32m  OK  [0m] Started Pollinate to seed the pseudo random number generator.
         Starting OpenBSD Secure Shell server...
[[0;32m  OK  [0m] Started OpenBSD Secure Shell server.
[[0;32m  OK  [0m] Created slice User Slice of vagrant.
         Starting User Manager for UID 1000...
[[0;32m  OK  [0m] Started Session 1 of user vagrant.
[[0;32m  OK  [0m] Started User Manager for UID 1000.
         Starting Time & Date Service...
[[0;32m  OK  [0m] Started Time & Date Service.

Ubuntu 18.04.6 LTS ubuntu-bionic ttyS0

ubuntu-bionic login: [   25.199101] cloud-init[1534]: Cloud-init v. 23.1.2-0ubuntu0~18.04.1 running 'modules:config' at Mon, 11 Nov 2024 10:24:08 +0000. Up 24.47 seconds.
ci-info: no authorized SSH keys fingerprints found for user ubuntu.
<14>Nov 11 10:24:10 cloud-init: #############################################################
<14>Nov 11 10:24:10 cloud-init: -----BEGIN SSH HOST KEY FINGERPRINTS-----
<14>Nov 11 10:24:10 cloud-init: 1024 SHA256:sr7xt6SnxrIiR7BZ9HBqxcCKfZ89B2v8vGe8ioCQ3PM root@ubuntu-bionic (DSA)
<14>Nov 11 10:24:10 cloud-init: 256 SHA256:772llLxAmfezPDSidMUbNC62UMq3rAn1KGdysgjS5pA root@ubuntu-bionic (ECDSA)
<14>Nov 11 10:24:10 cloud-init: 256 SHA256:RYYAQvpkFhbNY14N+VrwRM1OnCxS+6m4JcZiPIj8SxU root@ubuntu-bionic (ED25519)
<14>Nov 11 10:24:10 cloud-init: 2048 SHA256:pJfT8Rj0XO4GYnQ097Far7hsOczGo7UgD6ZQ3K7bWeg root@ubuntu-bionic (RSA)
<14>Nov 11 10:24:10 cloud-init: -----END SSH HOST KEY FINGERPRINTS-----
<14>Nov 11 10:24:10 cloud-init: #############################################################
-----BEGIN SSH HOST KEY KEYS-----
ecdsa-sha2-nistp256 AAAAE2VjZHNhLXNoYTItbmlzdHAyNTYAAAAIbmlzdHAyNTYAAABBBH2BznWQ7Qcx7+p1WNhlUT5l8ZuxGu/PHccAn55AQC5D/2pOcr7uBqhZcSdjgxk+LMeS0uHOKs9C+j+S8aiWP2U= root@ubuntu-bionic
ssh-ed25519 AAAAC3NzaC1lZDI1NTE5AAAAIJLQMIf1DokAoqtBKSby7S9+dXOqHcArjQx+Ef2cGYST root@ubuntu-bionic
ssh-rsa AAAAB3NzaC1yc2EAAAADAQABAAABAQC9h4S/KwqeSOs/bv0XXc+6wUOSl9Ju071ZXGVfN/nQVyHevvyULd7hEVQQw/x3Pa9n0SScLDTS5poHkGWWYgoZcIKCuFRJrjcm0dkDGD3dgMvk0HPU66dxNdiHIwtOmp9DShJu68LgNERnq5BC4K4iWp4+gCj5eYWA9kerIJEiW3slssKzeK3gZCWBtXWcWuLsulaj43btoWaYqWX4vMTAHbRE+bcVzbyDnr/oMztMfJS/75yP7cVJz7KPcyl7Zgi1tg0GUtS6qcBNwI3g8ESYfyFePxC26rKTEIqAW0IueCaMeCXg06wfm9mFuE05zD5V5HJAa0fuJyW2B7MYQfVl root@ubuntu-bionic
-----END SSH HOST KEY KEYS-----
[   26.704133] cloud-init[1743]: Cloud-init v. 23.1.2-0ubuntu0~18.04.1 running 'modules:final' at Mon, 11 Nov 2024 10:24:10 +0000. Up 26.46 seconds.
[   26.708991] cloud-init[1743]: Cloud-init v. 23.1.2-0ubuntu0~18.04.1 finished at Mon, 11 Nov 2024 10:24:10 +0000. Datasource DataSourceNoCloud [seed=/dev/sdb][dsmode=net].  Up 26.69 seconds
